#
# A fatal error has been detected by the Java Runtime Environment:
#
#  EXCEPTION_ACCESS_VIOLATION (0xc0000005) at pc=0x00007ffca14dd6d2, pid=11272, tid=2988
#
# JRE version: OpenJDK Runtime Environment (11.0.1+13) (build 11.0.1+13)
# Java VM: OpenJDK 64-Bit Server VM (11.0.1+13, mixed mode, tiered, compressed oops, g1 gc, windows-amd64)
# Problematic frame:
# C  [cscore.dll+0x3d6d2]
#
# No core dump will be written. Minidumps are not enabled by default on client versions of Windows
#
# If you would like to submit a bug report, please visit:
#   http://bugreport.java.com/bugreport/crash.jsp
# The crash happened outside the Java Virtual Machine in native code.
# See problematic frame for where to report the bug.
#

---------------  S U M M A R Y ------------

Command Line: -agentlib:jdwp=transport=dt_socket,server=n,suspend=y,address=localhost:56997 -Djava.library.path=C:\GitHub\2019RobotCode\2019RobotCode\build\tmp\jniExtractDir -Dfile.encoding=UTF-8 robot.Main

Host: Intel(R) Core(TM) i3-7130U CPU @ 2.70GHz, 4 cores, 7G,  Windows 10 , 64 bit Build 16299 (10.0.16299.1087)
Time: Mon Oct 28 14:11:00 2019 Eastern Daylight Time elapsed time: 1 seconds (0d 0h 0m 1s)

---------------  T H R E A D  ---------------

Current thread (0x0000012efe9be800):  JavaThread "CSListener" daemon [_thread_in_native, id=2988, stack(0x00000019c7300000,0x00000019c7400000)]

Stack: [0x00000019c7300000,0x00000019c7400000],  sp=0x00000019c73fee90,  free space=1019k
Native frames: (J=compiled Java code, j=interpreted, Vv=VM code, C=native code)
C  [cscore.dll+0x3d6d2]

Java frames: (J=compiled Java code, j=interpreted, Vv=VM code)
j  edu.wpi.cscore.CameraServerJNI.getSourceVideoMode(I)Ledu/wpi/cscore/VideoMode;+0
j  edu.wpi.first.cameraserver.CameraServer.lambda$new$0(Ledu/wpi/cscore/VideoEvent;)V+179
j  edu.wpi.first.cameraserver.CameraServer$$Lambda$17.accept(Ljava/lang/Object;)V+8
v  ~StubRoutines::call_stub

siginfo: EXCEPTION_ACCESS_VIOLATION (0xc0000005), reading address 0x0000000000000000


Register to memory mapping:

RIP=0x00007ffca14dd6d2 cscore.dll
RAX=0x00007ffca14f3a60 cscore.dll
RBX=0x00000019c73fef70 is pointing into the stack for thread: 0x0000012efe9be800
RCX=0x0 is NULL
RDX=0x0000000000000526 is an unknown value
RSP=0x00000019c73fee90 is pointing into the stack for thread: 0x0000012efe9be800
RBP=0x00000019c73ff010 is pointing into the stack for thread: 0x0000012efe9be800
RSI=0x0000012efe9beec0 points into unknown readable memory
RDI=0x0000012efe9beec0 points into unknown readable memory
R8 =0x0 is NULL
R9 =0x0 is NULL
R10=0x0000012ee72e5c27 is at code_begin+1959 in an Interpreter codelet
method entry point (kind = native)  [0x0000012ee72e5480, 0x0000012ee72e6820]  5024 bytes
R11=0x0000000089b04b40 is an oop
java.lang.Class 
{0x0000000089b04b40} - klass: 'java/lang/Class'
R12=0x0 is NULL
R13={method} {0x0000012efd76e1b8} 'getSourceVideoMode' '(I)Ledu/wpi/cscore/VideoMode;' in 'edu/wpi/cscore/CameraServerJNI'
R14=0x00000019c73ff030 is pointing into the stack for thread: 0x0000012efe9be800
R15=0x0000012efe9be800 is a thread


Registers:
RAX=0x00007ffca14f3a60, RBX=0x00000019c73fef70, RCX=0x0000000000000000, RDX=0x0000000000000526
RSP=0x00000019c73fee90, RBP=0x00000019c73ff010, RSI=0x0000012efe9beec0, RDI=0x0000012efe9beec0
R8 =0x0000000000000000, R9 =0x0000000000000000, R10=0x0000012ee72e5c27, R11=0x0000000089b04b40
R12=0x0000000000000000, R13=0x0000012efd76e1b0, R14=0x00000019c73ff030, R15=0x0000012efe9be800
RIP=0x00007ffca14dd6d2, EFLAGS=0x0000000000010246

Top of Stack: (sp=0x00000019c73fee90)
0x00000019c73fee90:   000071f4e3d2c802 0000000000000100
0x00000019c73feea0:   00000019c73ff030 00000019c73fef28
0x00000019c73feeb0:   00000019c73fef78 00007ffca14b3f30
0x00000019c73feec0:   0000000041000000 00007ffc6133098c
0x00000019c73feed0:   0000000041000000 00007ffcacd97060
0x00000019c73feee0:   fffffffffffffffe 00000019c73ff030
0x00000019c73feef0:   00000019c73fef70 00007ffca14aeb55
0x00000019c73fef00:   0000000041000000 00000019c73fef78
0x00000019c73fef10:   00000019c73fef78 0000012efe9be800
0x00000019c73fef20:   fffffffffffffffe 0000012efe7327e0
0x00000019c73fef30:   0000012efe7327d0 000000000000000c
0x00000019c73fef40:   0000012ee72daf2d 00007ffcacd97092
0x00000019c73fef50:   0000012efe9beb40 000000000000000c
0x00000019c73fef60:   0000012ee72daf2d 0000012ee72e5921
0x00000019c73fef70:   0000001900000000 0000012efd76e1b0
0x00000019c73fef80:   0000012efe9be800 00007055c9b3eb8c 

Instructions: (pc=0x00007ffca14dd6d2)
0x00007ffca14dd6b2:   5c 24 08 57 48 83 ec 20 48 8b f9 48 8b da 48 8b
0x00007ffca14dd6c2:   89 88 02 00 00 45 33 c9 45 33 c0 ba 26 05 00 00
0x00007ffca14dd6d2:   48 8b 09 ff 15 f5 cb 00 00 89 03 85 c0 75 0e 0f
0x00007ffca14dd6e2:   b6 47 08 84 c0 75 13 c7 03 2b f8 ff ff 32 c0 48 



---------------  P R O C E S S  ---------------

Threads class SMR info:
_java_thread_list=0x0000012efe7324a0, length=19, elements={
0x0000012edefc6800, 0x0000012efd292800, 0x0000012efd29b800, 0x0000012efdc03000,
0x0000012efd2ab000, 0x0000012efd2af000, 0x0000012efd2b3000, 0x0000012efd2bc000,
0x0000012efdd83800, 0x0000012efdd86800, 0x0000012efdd89800, 0x0000012efdd9d000,
0x0000012efdda7800, 0x0000012efdf62000, 0x0000012efdf68000, 0x0000012efe72f000,
0x0000012efdfbb000, 0x0000012efdfbe000, 0x0000012efe9be800
}

Java Threads: ( => current thread )
  0x0000012edefc6800 JavaThread "main" [_thread_in_native, id=14120, stack(0x00000019c5100000,0x00000019c5200000)]
  0x0000012efd292800 JavaThread "Reference Handler" daemon [_thread_blocked, id=7076, stack(0x00000019c5800000,0x00000019c5900000)]
  0x0000012efd29b800 JavaThread "Finalizer" daemon [_thread_blocked, id=10612, stack(0x00000019c5900000,0x00000019c5a00000)]
  0x0000012efdc03000 JavaThread "Signal Dispatcher" daemon [_thread_blocked, id=16224, stack(0x00000019c5a00000,0x00000019c5b00000)]
  0x0000012efd2ab000 JavaThread "Attach Listener" daemon [_thread_blocked, id=6040, stack(0x00000019c5b00000,0x00000019c5c00000)]
  0x0000012efd2af000 JavaThread "C2 CompilerThread0" daemon [_thread_blocked, id=5132, stack(0x00000019c5c00000,0x00000019c5d00000)]
  0x0000012efd2b3000 JavaThread "C1 CompilerThread0" daemon [_thread_blocked, id=3332, stack(0x00000019c5d00000,0x00000019c5e00000)]
  0x0000012efd2bc000 JavaThread "Sweeper thread" daemon [_thread_blocked, id=15632, stack(0x00000019c5e00000,0x00000019c5f00000)]
  0x0000012efdd83800 JavaThread "JDWP Transport Listener: dt_socket" daemon [_thread_blocked, id=11268, stack(0x00000019c5f00000,0x00000019c6000000)]
  0x0000012efdd86800 JavaThread "JDWP Event Helper Thread" daemon [_thread_blocked, id=12948, stack(0x00000019c6000000,0x00000019c6100000)]
  0x0000012efdd89800 JavaThread "JDWP Command Reader" daemon [_thread_in_native, id=1784, stack(0x00000019c6100000,0x00000019c6200000)]
  0x0000012efdd9d000 JavaThread "Service Thread" daemon [_thread_blocked, id=4988, stack(0x00000019c6200000,0x00000019c6300000)]
  0x0000012efdda7800 JavaThread "Common-Cleaner" daemon [_thread_blocked, id=9244, stack(0x00000019c6400000,0x00000019c6500000)]
  0x0000012efdf62000 JavaThread "FRCDriverStation" [_thread_in_native, id=14044, stack(0x00000019c6a00000,0x00000019c6b00000)]
  0x0000012efdf68000 JavaThread "Thread-0" daemon [_thread_blocked, id=2392, stack(0x00000019c6b00000,0x00000019c6c00000)]
  0x0000012efe72f000 JavaThread "NTEntryListener" daemon [_thread_in_native, id=13988, stack(0x00000019c7000000,0x00000019c7100000)]
  0x0000012efdfbb000 JavaThread "Notifier" daemon [_thread_in_native, id=8548, stack(0x00000019c7100000,0x00000019c7200000)]
  0x0000012efdfbe000 JavaThread "Notifier" daemon [_thread_in_native, id=976, stack(0x00000019c7200000,0x00000019c7300000)]
=>0x0000012efe9be800 JavaThread "CSListener" daemon [_thread_in_native, id=2988, stack(0x00000019c7300000,0x00000019c7400000)]

Other Threads:
  0x0000012efd26d000 VMThread "VM Thread" [stack: 0x00000019c5700000,0x00000019c5800000] [id=7104]
  0x0000012efdda2000 WatcherThread [stack: 0x00000019c6300000,0x00000019c6400000] [id=8720]
  0x0000012edcffc000 GCTaskThread "GC Thread#0" [stack: 0x00000019c5200000,0x00000019c5300000] [id=14680]
  0x0000012edf008800 ConcurrentGCThread "G1 Main Marker" [stack: 0x00000019c5300000,0x00000019c5400000] [id=2404]
  0x0000012edf00a000 ConcurrentGCThread "G1 Conc#0" [stack: 0x00000019c5400000,0x00000019c5500000] [id=8340]
  0x0000012edf096000 ConcurrentGCThread "G1 Refine#0" [stack: 0x00000019c5500000,0x00000019c5600000] [id=10592]
  0x0000012efd0e0800 ConcurrentGCThread "G1 Young RemSet Sampling" [stack: 0x00000019c5600000,0x00000019c5700000] [id=11720]

Threads with active compile tasks:

VM state:not at safepoint (normal execution)

VM Mutex/Monitor currently owned by a thread: None

Heap address: 0x0000000082000000, size: 2016 MB, Compressed Oops mode: 32-bit
Narrow klass base: 0x0000000000000000, Narrow klass shift: 3
Compressed class space size: 1073741824 Address: 0x0000000100000000

Heap:
 garbage-first heap   total 129024K, used 5120K [0x0000000082000000, 0x0000000100000000)
  region size 1024K, 6 young (6144K), 0 survivors (0K)
 Metaspace       used 7153K, capacity 7294K, committed 7424K, reserved 1056768K
  class space    used 637K, capacity 690K, committed 768K, reserved 1048576K
Heap Regions: E=young(eden), S=young(survivor), O=old, HS=humongous(starts), HC=humongous(continues), CS=collection set, F=free, A=archive, TAMS=top-at-mark-start (previous, next)
|   0|0x0000000082000000, 0x0000000082000000, 0x0000000082100000|  0%| F|  |TAMS 0x0000000082000000, 0x0000000082000000| Untracked 
|   1|0x0000000082100000, 0x0000000082100000, 0x0000000082200000|  0%| F|  |TAMS 0x0000000082100000, 0x0000000082100000| Untracked 
|   2|0x0000000082200000, 0x0000000082200000, 0x0000000082300000|  0%| F|  |TAMS 0x0000000082200000, 0x0000000082200000| Untracked 
|   3|0x0000000082300000, 0x0000000082300000, 0x0000000082400000|  0%| F|  |TAMS 0x0000000082300000, 0x0000000082300000| Untracked 
|   4|0x0000000082400000, 0x0000000082400000, 0x0000000082500000|  0%| F|  |TAMS 0x0000000082400000, 0x0000000082400000| Untracked 
|   5|0x0000000082500000, 0x0000000082500000, 0x0000000082600000|  0%| F|  |TAMS 0x0000000082500000, 0x0000000082500000| Untracked 
|   6|0x0000000082600000, 0x0000000082600000, 0x0000000082700000|  0%| F|  |TAMS 0x0000000082600000, 0x0000000082600000| Untracked 
|   7|0x0000000082700000, 0x0000000082700000, 0x0000000082800000|  0%| F|  |TAMS 0x0000000082700000, 0x0000000082700000| Untracked 
|   8|0x0000000082800000, 0x0000000082800000, 0x0000000082900000|  0%| F|  |TAMS 0x0000000082800000, 0x0000000082800000| Untracked 
|   9|0x0000000082900000, 0x0000000082900000, 0x0000000082a00000|  0%| F|  |TAMS 0x0000000082900000, 0x0000000082900000| Untracked 
|  10|0x0000000082a00000, 0x0000000082a00000, 0x0000000082b00000|  0%| F|  |TAMS 0x0000000082a00000, 0x0000000082a00000| Untracked 
|  11|0x0000000082b00000, 0x0000000082b00000, 0x0000000082c00000|  0%| F|  |TAMS 0x0000000082b00000, 0x0000000082b00000| Untracked 
|  12|0x0000000082c00000, 0x0000000082c00000, 0x0000000082d00000|  0%| F|  |TAMS 0x0000000082c00000, 0x0000000082c00000| Untracked 
|  13|0x0000000082d00000, 0x0000000082d00000, 0x0000000082e00000|  0%| F|  |TAMS 0x0000000082d00000, 0x0000000082d00000| Untracked 
|  14|0x0000000082e00000, 0x0000000082e00000, 0x0000000082f00000|  0%| F|  |TAMS 0x0000000082e00000, 0x0000000082e00000| Untracked 
|  15|0x0000000082f00000, 0x0000000082f00000, 0x0000000083000000|  0%| F|  |TAMS 0x0000000082f00000, 0x0000000082f00000| Untracked 
|  16|0x0000000083000000, 0x0000000083000000, 0x0000000083100000|  0%| F|  |TAMS 0x0000000083000000, 0x0000000083000000| Untracked 
|  17|0x0000000083100000, 0x0000000083100000, 0x0000000083200000|  0%| F|  |TAMS 0x0000000083100000, 0x0000000083100000| Untracked 
|  18|0x0000000083200000, 0x0000000083200000, 0x0000000083300000|  0%| F|  |TAMS 0x0000000083200000, 0x0000000083200000| Untracked 
|  19|0x0000000083300000, 0x0000000083300000, 0x0000000083400000|  0%| F|  |TAMS 0x0000000083300000, 0x0000000083300000| Untracked 
|  20|0x0000000083400000, 0x0000000083400000, 0x0000000083500000|  0%| F|  |TAMS 0x0000000083400000, 0x0000000083400000| Untracked 
|  21|0x0000000083500000, 0x0000000083500000, 0x0000000083600000|  0%| F|  |TAMS 0x0000000083500000, 0x0000000083500000| Untracked 
|  22|0x0000000083600000, 0x0000000083600000, 0x0000000083700000|  0%| F|  |TAMS 0x0000000083600000, 0x0000000083600000| Untracked 
|  23|0x0000000083700000, 0x0000000083700000, 0x0000000083800000|  0%| F|  |TAMS 0x0000000083700000, 0x0000000083700000| Untracked 
|  24|0x0000000083800000, 0x0000000083800000, 0x0000000083900000|  0%| F|  |TAMS 0x0000000083800000, 0x0000000083800000| Untracked 
|  25|0x0000000083900000, 0x0000000083900000, 0x0000000083a00000|  0%| F|  |TAMS 0x0000000083900000, 0x0000000083900000| Untracked 
|  26|0x0000000083a00000, 0x0000000083a00000, 0x0000000083b00000|  0%| F|  |TAMS 0x0000000083a00000, 0x0000000083a00000| Untracked 
|  27|0x0000000083b00000, 0x0000000083b00000, 0x0000000083c00000|  0%| F|  |TAMS 0x0000000083b00000, 0x0000000083b00000| Untracked 
|  28|0x0000000083c00000, 0x0000000083c00000, 0x0000000083d00000|  0%| F|  |TAMS 0x0000000083c00000, 0x0000000083c00000| Untracked 
|  29|0x0000000083d00000, 0x0000000083d00000, 0x0000000083e00000|  0%| F|  |TAMS 0x0000000083d00000, 0x0000000083d00000| Untracked 
|  30|0x0000000083e00000, 0x0000000083e00000, 0x0000000083f00000|  0%| F|  |TAMS 0x0000000083e00000, 0x0000000083e00000| Untracked 
|  31|0x0000000083f00000, 0x0000000083f00000, 0x0000000084000000|  0%| F|  |TAMS 0x0000000083f00000, 0x0000000083f00000| Untracked 
|  32|0x0000000084000000, 0x0000000084000000, 0x0000000084100000|  0%| F|  |TAMS 0x0000000084000000, 0x0000000084000000| Untracked 
|  33|0x0000000084100000, 0x0000000084100000, 0x0000000084200000|  0%| F|  |TAMS 0x0000000084100000, 0x0000000084100000| Untracked 
|  34|0x0000000084200000, 0x0000000084200000, 0x0000000084300000|  0%| F|  |TAMS 0x0000000084200000, 0x0000000084200000| Untracked 
|  35|0x0000000084300000, 0x0000000084300000, 0x0000000084400000|  0%| F|  |TAMS 0x0000000084300000, 0x0000000084300000| Untracked 
|  36|0x0000000084400000, 0x0000000084400000, 0x0000000084500000|  0%| F|  |TAMS 0x0000000084400000, 0x0000000084400000| Untracked 
|  37|0x0000000084500000, 0x0000000084500000, 0x0000000084600000|  0%| F|  |TAMS 0x0000000084500000, 0x0000000084500000| Untracked 
|  38|0x0000000084600000, 0x0000000084600000, 0x0000000084700000|  0%| F|  |TAMS 0x0000000084600000, 0x0000000084600000| Untracked 
|  39|0x0000000084700000, 0x0000000084700000, 0x0000000084800000|  0%| F|  |TAMS 0x0000000084700000, 0x0000000084700000| Untracked 
|  40|0x0000000084800000, 0x0000000084800000, 0x0000000084900000|  0%| F|  |TAMS 0x0000000084800000, 0x0000000084800000| Untracked 
|  41|0x0000000084900000, 0x0000000084900000, 0x0000000084a00000|  0%| F|  |TAMS 0x0000000084900000, 0x0000000084900000| Untracked 
|  42|0x0000000084a00000, 0x0000000084a00000, 0x0000000084b00000|  0%| F|  |TAMS 0x0000000084a00000, 0x0000000084a00000| Untracked 
|  43|0x0000000084b00000, 0x0000000084b00000, 0x0000000084c00000|  0%| F|  |TAMS 0x0000000084b00000, 0x0000000084b00000| Untracked 
|  44|0x0000000084c00000, 0x0000000084c00000, 0x0000000084d00000|  0%| F|  |TAMS 0x0000000084c00000, 0x0000000084c00000| Untracked 
|  45|0x0000000084d00000, 0x0000000084d00000, 0x0000000084e00000|  0%| F|  |TAMS 0x0000000084d00000, 0x0000000084d00000| Untracked 
|  46|0x0000000084e00000, 0x0000000084e00000, 0x0000000084f00000|  0%| F|  |TAMS 0x0000000084e00000, 0x0000000084e00000| Untracked 
|  47|0x0000000084f00000, 0x0000000084f00000, 0x0000000085000000|  0%| F|  |TAMS 0x0000000084f00000, 0x0000000084f00000| Untracked 
|  48|0x0000000085000000, 0x0000000085000000, 0x0000000085100000|  0%| F|  |TAMS 0x0000000085000000, 0x0000000085000000| Untracked 
|  49|0x0000000085100000, 0x0000000085100000, 0x0000000085200000|  0%| F|  |TAMS 0x0000000085100000, 0x0000000085100000| Untracked 
|  50|0x0000000085200000, 0x0000000085200000, 0x0000000085300000|  0%| F|  |TAMS 0x0000000085200000, 0x0000000085200000| Untracked 
|  51|0x0000000085300000, 0x0000000085300000, 0x0000000085400000|  0%| F|  |TAMS 0x0000000085300000, 0x0000000085300000| Untracked 
|  52|0x0000000085400000, 0x0000000085400000, 0x0000000085500000|  0%| F|  |TAMS 0x0000000085400000, 0x0000000085400000| Untracked 
|  53|0x0000000085500000, 0x0000000085500000, 0x0000000085600000|  0%| F|  |TAMS 0x0000000085500000, 0x0000000085500000| Untracked 
|  54|0x0000000085600000, 0x0000000085600000, 0x0000000085700000|  0%| F|  |TAMS 0x0000000085600000, 0x0000000085600000| Untracked 
|  55|0x0000000085700000, 0x0000000085700000, 0x0000000085800000|  0%| F|  |TAMS 0x0000000085700000, 0x0000000085700000| Untracked 
|  56|0x0000000085800000, 0x0000000085800000, 0x0000000085900000|  0%| F|  |TAMS 0x0000000085800000, 0x0000000085800000| Untracked 
|  57|0x0000000085900000, 0x0000000085900000, 0x0000000085a00000|  0%| F|  |TAMS 0x0000000085900000, 0x0000000085900000| Untracked 
|  58|0x0000000085a00000, 0x0000000085a00000, 0x0000000085b00000|  0%| F|  |TAMS 0x0000000085a00000, 0x0000000085a00000| Untracked 
|  59|0x0000000085b00000, 0x0000000085b00000, 0x0000000085c00000|  0%| F|  |TAMS 0x0000000085b00000, 0x0000000085b00000| Untracked 
|  60|0x0000000085c00000, 0x0000000085c00000, 0x0000000085d00000|  0%| F|  |TAMS 0x0000000085c00000, 0x0000000085c00000| Untracked 
|  61|0x0000000085d00000, 0x0000000085d00000, 0x0000000085e00000|  0%| F|  |TAMS 0x0000000085d00000, 0x0000000085d00000| Untracked 
|  62|0x0000000085e00000, 0x0000000085e00000, 0x0000000085f00000|  0%| F|  |TAMS 0x0000000085e00000, 0x0000000085e00000| Untracked 
|  63|0x0000000085f00000, 0x0000000085f00000, 0x0000000086000000|  0%| F|  |TAMS 0x0000000085f00000, 0x0000000085f00000| Untracked 
|  64|0x0000000086000000, 0x0000000086000000, 0x0000000086100000|  0%| F|  |TAMS 0x0000000086000000, 0x0000000086000000| Untracked 
|  65|0x0000000086100000, 0x0000000086100000, 0x0000000086200000|  0%| F|  |TAMS 0x0000000086100000, 0x0000000086100000| Untracked 
|  66|0x0000000086200000, 0x0000000086200000, 0x0000000086300000|  0%| F|  |TAMS 0x0000000086200000, 0x0000000086200000| Untracked 
|  67|0x0000000086300000, 0x0000000086300000, 0x0000000086400000|  0%| F|  |TAMS 0x0000000086300000, 0x0000000086300000| Untracked 
|  68|0x0000000086400000, 0x0000000086400000, 0x0000000086500000|  0%| F|  |TAMS 0x0000000086400000, 0x0000000086400000| Untracked 
|  69|0x0000000086500000, 0x0000000086500000, 0x0000000086600000|  0%| F|  |TAMS 0x0000000086500000, 0x0000000086500000| Untracked 
|  70|0x0000000086600000, 0x0000000086600000, 0x0000000086700000|  0%| F|  |TAMS 0x0000000086600000, 0x0000000086600000| Untracked 
|  71|0x0000000086700000, 0x0000000086700000, 0x0000000086800000|  0%| F|  |TAMS 0x0000000086700000, 0x0000000086700000| Untracked 
|  72|0x0000000086800000, 0x0000000086800000, 0x0000000086900000|  0%| F|  |TAMS 0x0000000086800000, 0x0000000086800000| Untracked 
|  73|0x0000000086900000, 0x0000000086900000, 0x0000000086a00000|  0%| F|  |TAMS 0x0000000086900000, 0x0000000086900000| Untracked 
|  74|0x0000000086a00000, 0x0000000086a00000, 0x0000000086b00000|  0%| F|  |TAMS 0x0000000086a00000, 0x0000000086a00000| Untracked 
|  75|0x0000000086b00000, 0x0000000086b00000, 0x0000000086c00000|  0%| F|  |TAMS 0x0000000086b00000, 0x0000000086b00000| Untracked 
|  76|0x0000000086c00000, 0x0000000086c00000, 0x0000000086d00000|  0%| F|  |TAMS 0x0000000086c00000, 0x0000000086c00000| Untracked 
|  77|0x0000000086d00000, 0x0000000086d00000, 0x0000000086e00000|  0%| F|  |TAMS 0x0000000086d00000, 0x0000000086d00000| Untracked 
|  78|0x0000000086e00000, 0x0000000086e00000, 0x0000000086f00000|  0%| F|  |TAMS 0x0000000086e00000, 0x0000000086e00000| Untracked 
|  79|0x0000000086f00000, 0x0000000086f00000, 0x0000000087000000|  0%| F|  |TAMS 0x0000000086f00000, 0x0000000086f00000| Untracked 
|  80|0x0000000087000000, 0x0000000087000000, 0x0000000087100000|  0%| F|  |TAMS 0x0000000087000000, 0x0000000087000000| Untracked 
|  81|0x0000000087100000, 0x0000000087100000, 0x0000000087200000|  0%| F|  |TAMS 0x0000000087100000, 0x0000000087100000| Untracked 
|  82|0x0000000087200000, 0x0000000087200000, 0x0000000087300000|  0%| F|  |TAMS 0x0000000087200000, 0x0000000087200000| Untracked 
|  83|0x0000000087300000, 0x0000000087300000, 0x0000000087400000|  0%| F|  |TAMS 0x0000000087300000, 0x0000000087300000| Untracked 
|  84|0x0000000087400000, 0x0000000087400000, 0x0000000087500000|  0%| F|  |TAMS 0x0000000087400000, 0x0000000087400000| Untracked 
|  85|0x0000000087500000, 0x0000000087500000, 0x0000000087600000|  0%| F|  |TAMS 0x0000000087500000, 0x0000000087500000| Untracked 
|  86|0x0000000087600000, 0x0000000087600000, 0x0000000087700000|  0%| F|  |TAMS 0x0000000087600000, 0x0000000087600000| Untracked 
|  87|0x0000000087700000, 0x0000000087700000, 0x0000000087800000|  0%| F|  |TAMS 0x0000000087700000, 0x0000000087700000| Untracked 
|  88|0x0000000087800000, 0x0000000087800000, 0x0000000087900000|  0%| F|  |TAMS 0x0000000087800000, 0x0000000087800000| Untracked 
|  89|0x0000000087900000, 0x0000000087900000, 0x0000000087a00000|  0%| F|  |TAMS 0x0000000087900000, 0x0000000087900000| Untracked 
|  90|0x0000000087a00000, 0x0000000087a00000, 0x0000000087b00000|  0%| F|  |TAMS 0x0000000087a00000, 0x0000000087a00000| Untracked 
|  91|0x0000000087b00000, 0x0000000087b00000, 0x0000000087c00000|  0%| F|  |TAMS 0x0000000087b00000, 0x0000000087b00000| Untracked 
|  92|0x0000000087c00000, 0x0000000087c00000, 0x0000000087d00000|  0%| F|  |TAMS 0x0000000087c00000, 0x0000000087c00000| Untracked 
|  93|0x0000000087d00000, 0x0000000087d00000, 0x0000000087e00000|  0%| F|  |TAMS 0x0000000087d00000, 0x0000000087d00000| Untracked 
|  94|0x0000000087e00000, 0x0000000087e00000, 0x0000000087f00000|  0%| F|  |TAMS 0x0000000087e00000, 0x0000000087e00000| Untracked 
|  95|0x0000000087f00000, 0x0000000087f00000, 0x0000000088000000|  0%| F|  |TAMS 0x0000000087f00000, 0x0000000087f00000| Untracked 
|  96|0x0000000088000000, 0x0000000088000000, 0x0000000088100000|  0%| F|  |TAMS 0x0000000088000000, 0x0000000088000000| Untracked 
|  97|0x0000000088100000, 0x0000000088100000, 0x0000000088200000|  0%| F|  |TAMS 0x0000000088100000, 0x0000000088100000| Untracked 
|  98|0x0000000088200000, 0x0000000088200000, 0x0000000088300000|  0%| F|  |TAMS 0x0000000088200000, 0x0000000088200000| Untracked 
|  99|0x0000000088300000, 0x0000000088300000, 0x0000000088400000|  0%| F|  |TAMS 0x0000000088300000, 0x0000000088300000| Untracked 
| 100|0x0000000088400000, 0x0000000088400000, 0x0000000088500000|  0%| F|  |TAMS 0x0000000088400000, 0x0000000088400000| Untracked 
| 101|0x0000000088500000, 0x0000000088500000, 0x0000000088600000|  0%| F|  |TAMS 0x0000000088500000, 0x0000000088500000| Untracked 
| 102|0x0000000088600000, 0x0000000088600000, 0x0000000088700000|  0%| F|  |TAMS 0x0000000088600000, 0x0000000088600000| Untracked 
| 103|0x0000000088700000, 0x0000000088700000, 0x0000000088800000|  0%| F|  |TAMS 0x0000000088700000, 0x0000000088700000| Untracked 
| 104|0x0000000088800000, 0x0000000088800000, 0x0000000088900000|  0%| F|  |TAMS 0x0000000088800000, 0x0000000088800000| Untracked 
| 105|0x0000000088900000, 0x0000000088900000, 0x0000000088a00000|  0%| F|  |TAMS 0x0000000088900000, 0x0000000088900000| Untracked 
| 106|0x0000000088a00000, 0x0000000088a00000, 0x0000000088b00000|  0%| F|  |TAMS 0x0000000088a00000, 0x0000000088a00000| Untracked 
| 107|0x0000000088b00000, 0x0000000088b00000, 0x0000000088c00000|  0%| F|  |TAMS 0x0000000088b00000, 0x0000000088b00000| Untracked 
| 108|0x0000000088c00000, 0x0000000088c00000, 0x0000000088d00000|  0%| F|  |TAMS 0x0000000088c00000, 0x0000000088c00000| Untracked 
| 109|0x0000000088d00000, 0x0000000088d00000, 0x0000000088e00000|  0%| F|  |TAMS 0x0000000088d00000, 0x0000000088d00000| Untracked 
| 110|0x0000000088e00000, 0x0000000088e00000, 0x0000000088f00000|  0%| F|  |TAMS 0x0000000088e00000, 0x0000000088e00000| Untracked 
| 111|0x0000000088f00000, 0x0000000088f00000, 0x0000000089000000|  0%| F|  |TAMS 0x0000000088f00000, 0x0000000088f00000| Untracked 
| 112|0x0000000089000000, 0x0000000089000000, 0x0000000089100000|  0%| F|  |TAMS 0x0000000089000000, 0x0000000089000000| Untracked 
| 113|0x0000000089100000, 0x0000000089100000, 0x0000000089200000|  0%| F|  |TAMS 0x0000000089100000, 0x0000000089100000| Untracked 
| 114|0x0000000089200000, 0x0000000089200000, 0x0000000089300000|  0%| F|  |TAMS 0x0000000089200000, 0x0000000089200000| Untracked 
| 115|0x0000000089300000, 0x0000000089300000, 0x0000000089400000|  0%| F|  |TAMS 0x0000000089300000, 0x0000000089300000| Untracked 
| 116|0x0000000089400000, 0x0000000089400000, 0x0000000089500000|  0%| F|  |TAMS 0x0000000089400000, 0x0000000089400000| Untracked 
| 117|0x0000000089500000, 0x0000000089500000, 0x0000000089600000|  0%| F|  |TAMS 0x0000000089500000, 0x0000000089500000| Untracked 
| 118|0x0000000089600000, 0x0000000089600000, 0x0000000089700000|  0%| F|  |TAMS 0x0000000089600000, 0x0000000089600000| Untracked 
| 119|0x0000000089700000, 0x0000000089700000, 0x0000000089800000|  0%| F|  |TAMS 0x0000000089700000, 0x0000000089700000| Untracked 
| 120|0x0000000089800000, 0x0000000089900000, 0x0000000089900000|100%| E|  |TAMS 0x0000000089800000, 0x0000000089800000| Complete 
| 121|0x0000000089900000, 0x0000000089a00000, 0x0000000089a00000|100%| E|CS|TAMS 0x0000000089900000, 0x0000000089900000| Complete 
| 122|0x0000000089a00000, 0x0000000089b00000, 0x0000000089b00000|100%| E|CS|TAMS 0x0000000089a00000, 0x0000000089a00000| Complete 
| 123|0x0000000089b00000, 0x0000000089c00000, 0x0000000089c00000|100%| E|CS|TAMS 0x0000000089b00000, 0x0000000089b00000| Complete 
| 124|0x0000000089c00000, 0x0000000089d00000, 0x0000000089d00000|100%| E|CS|TAMS 0x0000000089c00000, 0x0000000089c00000| Complete 
| 125|0x0000000089d00000, 0x0000000089e00000, 0x0000000089e00000|100%| E|CS|TAMS 0x0000000089d00000, 0x0000000089d00000| Complete 

Card table byte_map: [0x0000012ef66c0000,0x0000012ef6ab0000] _byte_map_base: 0x0000012ef62b0000

Marking Bits (Prev, Next): (CMBitMap*) 0x0000012edefffe08, (CMBitMap*) 0x0000012edefffe40
 Prev Bits: [0x0000012ef6ea0000, 0x0000012ef8e20000)
 Next Bits: [0x0000012ef8e20000, 0x0000012efada0000)

Polling page: 0x0000012edce90000

Metaspace:

Usage:
  Non-class:      6.45 MB capacity,     6.36 MB ( 99%) used,    82.41 KB (  1%) free+waste,     6.44 KB ( <1%) overhead. 
      Class:    690.00 KB capacity,   637.94 KB ( 92%) used,    48.88 KB (  7%) free+waste,     3.19 KB ( <1%) overhead. 
       Both:      7.12 MB capacity,     6.99 MB ( 98%) used,   131.28 KB (  2%) free+waste,     9.63 KB ( <1%) overhead. 

Virtual space:
  Non-class space:        8.00 MB reserved,       6.50 MB ( 81%) committed 
      Class space:        1.00 GB reserved,     768.00 KB ( <1%) committed 
             Both:        1.01 GB reserved,       7.25 MB ( <1%) committed 

Chunk freelists:
   Non-Class:  6.50 KB
       Class:  1.75 KB
        Both:  8.25 KB

CodeHeap 'non-profiled nmethods': size=120064Kb used=99Kb max_used=99Kb free=119964Kb
 bounds [0x0000012eeed90000, 0x0000012eef000000, 0x0000012ef62d0000]
CodeHeap 'profiled nmethods': size=120000Kb used=623Kb max_used=623Kb free=119376Kb
 bounds [0x0000012ee7860000, 0x0000012ee7ad0000, 0x0000012eeed90000]
CodeHeap 'non-nmethods': size=5696Kb used=1204Kb max_used=1216Kb free=4491Kb
 bounds [0x0000012ee72d0000, 0x0000012ee7540000, 0x0000012ee7860000]
 total_blobs=870 nmethods=339 adapters=368
 compilation: enabled
              stopped_count=0, restarted_count=0
 full_count=0

Compilation events (10 events):
Event: 1.396 Thread 0x0000012efd2b3000  295       3       java.lang.ref.WeakReference::<init> (7 bytes)
Event: 1.396 Thread 0x0000012efd2b3000 nmethod 295 0x0000012ee78ef090 code [0x0000012ee78ef260, 0x0000012ee78ef598]
Event: 1.396 Thread 0x0000012efd2b3000  307       1       sun.invoke.util.Wrapper::basicTypeChar (5 bytes)
Event: 1.396 Thread 0x0000012efd2b3000 nmethod 307 0x0000012eeeda5510 code [0x0000012eeeda56c0, 0x0000012eeeda57d8]
Event: 1.396 Thread 0x0000012efd2b3000  301       1       java.util.jar.Manifest::getEntries (5 bytes)
Event: 1.396 Thread 0x0000012efd2b3000 nmethod 301 0x0000012eeeda5890 code [0x0000012eeeda5a40, 0x0000012eeeda5b58]
Event: 1.396 Thread 0x0000012efd2b3000  302       1       java.util.jar.Manifest::getMainAttributes (5 bytes)
Event: 1.396 Thread 0x0000012efd2b3000 nmethod 302 0x0000012eeeda5c10 code [0x0000012eeeda5dc0, 0x0000012eeeda5ed8]
Event: 1.440 Thread 0x0000012efd2b3000  308       3       java.util.concurrent.ConcurrentHashMap$BaseIterator::hasNext (13 bytes)
Event: 1.440 Thread 0x0000012efd2b3000 nmethod 308 0x0000012ee78ef690 code [0x0000012ee78ef840, 0x0000012ee78ef9f8]

GC Heap History (0 events):
No events

Deoptimization events (1 events):
Event: 0.691 Thread 0x0000012edefc6800 Uncommon trap: reason=unstable_if action=reinterpret pc=0x0000012eeed95310 method=java.lang.String.hashCode()I @ 14 c2

Classes redefined (0 events):
No events

Internal exceptions (3 events):
Event: 1.232 Thread 0x0000012edefc6800 Exception <a 'java/lang/NoSuchMethodError'{0x0000000089a0ca20}: java.lang.invoke.DirectMethodHandle$Holder.invokeSpecial(Ljava/lang/Object;Ljava/lang/Object;)V> (0x0000000089a0ca20) thrown at [t:/workspace/open/src/hotspot/share/interpreter/linkResolver.c
Event: 1.234 Thread 0x0000012edefc6800 Exception <a 'java/lang/NoSuchMethodError'{0x0000000089a1acb0}: java.lang.invoke.DirectMethodHandle$Holder.invokeStaticInit(Ljava/lang/Object;)V> (0x0000000089a1acb0) thrown at [t:/workspace/open/src/hotspot/share/interpreter/linkResolver.cpp, line 772]
Event: 1.360 Thread 0x0000012edefc6800 Exception <a 'java/lang/NoSuchMethodError'{0x00000000899ef178}: java.lang.invoke.DirectMethodHandle$Holder.invokeVirtual(Ljava/lang/Object;Ljava/lang/Object;)V> (0x00000000899ef178) thrown at [t:/workspace/open/src/hotspot/share/interpreter/linkResolver.c

Events (10 events):
Event: 1.389 Executing VM operation: RevokeBias
Event: 1.389 Executing VM operation: RevokeBias done
Event: 1.389 loading class edu/wpi/cscore/VideoSource$Kind
Event: 1.389 loading class edu/wpi/cscore/VideoSource$Kind done
Event: 1.396 loading class java/util/Hashtable$ValueCollection
Event: 1.396 loading class java/util/Hashtable$ValueCollection done
Event: 1.396 loading class java/util/Collections$EmptyIterator
Event: 1.396 loading class java/util/Collections$EmptyIterator done
Event: 1.443 Executing VM operation: RevokeBias
Event: 1.443 Executing VM operation: RevokeBias done


Dynamic libraries:
0x00007ff7a2840000 - 0x00007ff7a2885000 	C:\Users\Public\frc2019\jdk\bin\java.exe
0x00007ffcc0d70000 - 0x00007ffcc0f50000 	C:\Windows\SYSTEM32\ntdll.dll
0x00007ffcc0b40000 - 0x00007ffcc0bee000 	C:\Windows\System32\KERNEL32.DLL
0x00007ffcbd170000 - 0x00007ffcbd3d6000 	C:\Windows\System32\KERNELBASE.dll
0x00007ffcbe4c0000 - 0x00007ffcbe64f000 	C:\Windows\System32\USER32.dll
0x00007ffcbe220000 - 0x00007ffcbe240000 	C:\Windows\System32\win32u.dll
0x00007ffcbecc0000 - 0x00007ffcbece8000 	C:\Windows\System32\GDI32.dll
0x00007ffcbd3e0000 - 0x00007ffcbd573000 	C:\Windows\System32\gdi32full.dll
0x00007ffcbd580000 - 0x00007ffcbd61b000 	C:\Windows\System32\msvcp_win.dll
0x00007ffcbdf50000 - 0x00007ffcbe044000 	C:\Windows\System32\ucrtbase.dll
0x00007ffcb1cc0000 - 0x00007ffcb1f29000 	C:\Windows\WinSxS\amd64_microsoft.windows.common-controls_6595b64144ccf1df_6.0.16299.1087_none_0f9074b65a6589b7\COMCTL32.dll
0x00007ffcbe790000 - 0x00007ffcbe82d000 	C:\Windows\System32\msvcrt.dll
0x00007ffcbe840000 - 0x00007ffcbeb46000 	C:\Windows\System32\combase.dll
0x00007ffcbe250000 - 0x00007ffcbe36f000 	C:\Windows\System32\RPCRT4.dll
0x00007ffcbde20000 - 0x00007ffcbde92000 	C:\Windows\System32\bcryptPrimitives.dll
0x00007ffcc08f0000 - 0x00007ffcc091d000 	C:\Windows\System32\IMM32.DLL
0x00007ffcabb10000 - 0x00007ffcabb26000 	C:\Users\Public\frc2019\jdk\bin\vcruntime140.dll
0x00007ffca10f0000 - 0x00007ffca118b000 	C:\Users\Public\frc2019\jdk\bin\msvcp140.dll
0x00007ffc60d20000 - 0x00007ffc61861000 	C:\Users\Public\frc2019\jdk\bin\server\jvm.dll
0x00007ffcc0920000 - 0x00007ffcc09c1000 	C:\Windows\System32\ADVAPI32.dll
0x00007ffcc0830000 - 0x00007ffcc088b000 	C:\Windows\System32\sechost.dll
0x00007ffcbe240000 - 0x00007ffcbe248000 	C:\Windows\System32\PSAPI.DLL
0x00007ffcadde0000 - 0x00007ffcadde9000 	C:\Windows\SYSTEM32\WSOCK32.dll
0x00007ffcbb0f0000 - 0x00007ffcbb113000 	C:\Windows\SYSTEM32\WINMM.dll
0x00007ffcb3fc0000 - 0x00007ffcb3fca000 	C:\Windows\SYSTEM32\VERSION.dll
0x00007ffcbe370000 - 0x00007ffcbe3dc000 	C:\Windows\System32\WS2_32.dll
0x00007ffcbb090000 - 0x00007ffcbb0ba000 	C:\Windows\SYSTEM32\WINMMBASE.dll
0x00007ffcbdea0000 - 0x00007ffcbdeea000 	C:\Windows\System32\cfgmgr32.dll
0x00007ffcbd150000 - 0x00007ffcbd161000 	C:\Windows\System32\kernel.appcore.dll
0x00007ffcab310000 - 0x00007ffcab321000 	C:\Users\Public\frc2019\jdk\bin\verify.dll
0x00007ffcbba80000 - 0x00007ffcbbc48000 	C:\Windows\SYSTEM32\DBGHELP.DLL
0x00007ffcb3920000 - 0x00007ffcb3949000 	C:\Windows\SYSTEM32\dbgcore.DLL
0x00007ffca0d50000 - 0x00007ffca0d78000 	C:\Users\Public\frc2019\jdk\bin\java.dll
0x00007ffcac360000 - 0x00007ffcac397000 	C:\Users\Public\frc2019\jdk\bin\jdwp.dll
0x00007ffca4aa0000 - 0x00007ffca4ab6000 	C:\Users\Public\frc2019\jdk\bin\zip.dll
0x00007ffcb7a10000 - 0x00007ffcb7a1a000 	C:\Users\Public\frc2019\jdk\bin\jimage.dll
0x00007ffcbefa0000 - 0x00007ffcc03d8000 	C:\Windows\System32\SHELL32.dll
0x00007ffcc0bf0000 - 0x00007ffcc0c96000 	C:\Windows\System32\shcore.dll
0x00007ffcbd620000 - 0x00007ffcbdd67000 	C:\Windows\System32\windows.storage.dll
0x00007ffcbe3e0000 - 0x00007ffcbe431000 	C:\Windows\System32\shlwapi.dll
0x00007ffcbd0e0000 - 0x00007ffcbd12c000 	C:\Windows\System32\powrprof.dll
0x00007ffcbd0c0000 - 0x00007ffcbd0db000 	C:\Windows\System32\profapi.dll
0x00007ffcb7920000 - 0x00007ffcb792a000 	C:\Users\Public\frc2019\jdk\bin\dt_socket.dll
0x00007ffcbc950000 - 0x00007ffcbc9b6000 	C:\Windows\System32\mswsock.dll
0x00007ffcbc720000 - 0x00007ffcbc7d6000 	C:\Windows\SYSTEM32\DNSAPI.dll
0x00007ffcbe830000 - 0x00007ffcbe838000 	C:\Windows\System32\NSI.dll
0x00007ffcbc6e0000 - 0x00007ffcbc719000 	C:\Windows\SYSTEM32\IPHLPAPI.DLL
0x00007ffcb1350000 - 0x00007ffcb13c0000 	C:\Windows\System32\fwpuclnt.dll
0x00007ffcbcc20000 - 0x00007ffcbcc45000 	C:\Windows\SYSTEM32\bcrypt.dll
0x00007ffcb11a0000 - 0x00007ffcb11aa000 	C:\Windows\System32\rasadhlp.dll
0x00007ffca4a50000 - 0x00007ffca4a69000 	C:\Users\Public\frc2019\jdk\bin\net.dll
0x00007ffcb3000000 - 0x00007ffcb30de000 	C:\Windows\SYSTEM32\WINHTTP.dll
0x00007ffca1390000 - 0x00007ffca13a3000 	C:\Users\Public\frc2019\jdk\bin\nio.dll
0x00007ffcac2c0000 - 0x00007ffcac321000 	C:\GitHub\2019RobotCode\2019RobotCode\build\tmp\jniExtractDir\wpiHaljni.dll
0x00007ffca0f90000 - 0x00007ffca10cc000 	C:\GitHub\2019RobotCode\2019RobotCode\build\tmp\jniExtractDir\wpiutil.dll
0x00007ffcc09f0000 - 0x00007ffcc0b39000 	C:\Windows\System32\ole32.dll
0x00007ffcbcfc0000 - 0x00007ffcbcfe9000 	C:\Windows\SYSTEM32\USERENV.dll
0x00007ffca18c0000 - 0x00007ffca192f000 	C:\GitHub\2019RobotCode\2019RobotCode\build\tmp\jniExtractDir\wpiHal.dll
0x00007ffcacd90000 - 0x00007ffcacda6000 	C:\GitHub\2019RobotCode\2019RobotCode\build\tmp\jniExtractDir\cscorejni.dll
0x00007ffca14a0000 - 0x00007ffca152e000 	C:\GitHub\2019RobotCode\2019RobotCode\build\tmp\jniExtractDir\cscore.dll
0x00007ffc911e0000 - 0x00007ffc912bc000 	C:\GitHub\2019RobotCode\2019RobotCode\build\tmp\jniExtractDir\opencv_imgcodecs344.dll
0x00007ffc7b170000 - 0x00007ffc7b46c000 	C:\GitHub\2019RobotCode\2019RobotCode\build\tmp\jniExtractDir\opencv_core344.dll
0x00007ffc6b140000 - 0x00007ffc6b4f0000 	C:\GitHub\2019RobotCode\2019RobotCode\build\tmp\jniExtractDir\opencv_imgproc344.dll
0x00007ffcb7600000 - 0x00007ffcb77b3000 	C:\Windows\SYSTEM32\MFPlat.DLL
0x00007ffc7dce0000 - 0x00007ffc7dd73000 	C:\Windows\SYSTEM32\MF.dll
0x00007ffc8ec00000 - 0x00007ffc8ed0a000 	C:\Windows\SYSTEM32\MFReadWrite.dll
0x00007ffca1860000 - 0x00007ffca18b1000 	C:\Users\Public\frc2019\jdk\bin\CONCRT140.dll
0x00007ffc8f200000 - 0x00007ffc8f647000 	C:\Windows\SYSTEM32\MFCORE.DLL
0x00007ffcbe050000 - 0x00007ffcbe21e000 	C:\Windows\System32\CRYPT32.dll
0x00007ffcbd130000 - 0x00007ffcbd142000 	C:\Windows\System32\MSASN1.dll
0x00007ffcb75c0000 - 0x00007ffcb75c9000 	C:\Windows\SYSTEM32\ksuser.dll
0x00007ffcbcb10000 - 0x00007ffcbcb1b000 	C:\Windows\SYSTEM32\CRYPTBASE.DLL
0x00007ffcb7570000 - 0x00007ffcb75a1000 	C:\Windows\SYSTEM32\RTWorkQ.DLL
0x00007ffc8b180000 - 0x00007ffc8b2f8000 	C:\GitHub\2019RobotCode\2019RobotCode\build\tmp\jniExtractDir\opencv_java344.dll
0x00007ffca0f20000 - 0x00007ffca0f87000 	C:\GitHub\2019RobotCode\2019RobotCode\build\tmp\jniExtractDir\opencv_video344.dll
0x00007ffc91110000 - 0x00007ffc911da000 	C:\GitHub\2019RobotCode\2019RobotCode\build\tmp\jniExtractDir\opencv_ml344.dll
0x00007ffc8f0e0000 - 0x00007ffc8f17b000 	C:\GitHub\2019RobotCode\2019RobotCode\build\tmp\jniExtractDir\opencv_objdetect344.dll
0x00007ffc8b530000 - 0x00007ffc8b5f6000 	C:\GitHub\2019RobotCode\2019RobotCode\build\tmp\jniExtractDir\opencv_features2d344.dll
0x00007ffc73c80000 - 0x00007ffc73e7f000 	C:\GitHub\2019RobotCode\2019RobotCode\build\tmp\jniExtractDir\opencv_calib3d344.dll
0x00007ffc7b070000 - 0x00007ffc7b165000 	C:\GitHub\2019RobotCode\2019RobotCode\build\tmp\jniExtractDir\opencv_photo344.dll
0x00007ffc8d460000 - 0x00007ffc8d4e8000 	C:\GitHub\2019RobotCode\2019RobotCode\build\tmp\jniExtractDir\opencv_flann344.dll
0x00007ffc8eb80000 - 0x00007ffc8ebff000 	C:\GitHub\2019RobotCode\2019RobotCode\build\tmp\jniExtractDir\opencv_videoio344.dll
0x00007ffcbe6b0000 - 0x00007ffcbe774000 	C:\Windows\System32\OLEAUT32.dll
0x00007ffcac2a0000 - 0x00007ffcac2b7000 	C:\GitHub\2019RobotCode\2019RobotCode\build\tmp\jniExtractDir\ntcorejni.dll
0x00007ffc84f70000 - 0x00007ffc85016000 	C:\GitHub\2019RobotCode\2019RobotCode\build\tmp\jniExtractDir\ntcore.dll
0x00007ffc91600000 - 0x00007ffc91667000 	C:\GitHub\2019RobotCode\2019RobotCode\build\tmp\jniExtractDir\CTRE_PhoenixCCI.dll
0x00007ffcb0850000 - 0x00007ffcb0858000 	C:\GitHub\2019RobotCode\2019RobotCode\build\tmp\jniExtractDir\CTRE_PhoenixPlatform.dll
0x00007ffc7e130000 - 0x00007ffc7e1bb000 	C:\GitHub\2019RobotCode\2019RobotCode\build\tmp\jniExtractDir\CTRE_PhoenixCanutils.dll
0x00007ffcb2f10000 - 0x00007ffcb2f1b000 	C:\Windows\SYSTEM32\WINNSI.DLL
0x00007ffcb28f0000 - 0x00007ffcb2906000 	C:\Windows\SYSTEM32\dhcpcsvc6.DLL
0x00007ffcb2e40000 - 0x00007ffcb2e5a000 	C:\Windows\SYSTEM32\dhcpcsvc.DLL
0x00007ffcbb360000 - 0x00007ffcbb3f5000 	C:\Windows\system32\uxtheme.dll
0x00007ffcbb5d0000 - 0x00007ffcbb5fa000 	C:\Windows\system32\dwmapi.dll
0x00007ffcc0ca0000 - 0x00007ffcc0d3e000 	C:\Windows\System32\clbcatq.dll
0x00007ffca0ed0000 - 0x00007ffca0f20000 	C:\Windows\System32\FSClient.dll
0x00007ffcbbf20000 - 0x00007ffcbbfcf000 	C:\Windows\System32\dxgi.dll
0x00007ffcba0d0000 - 0x00007ffcba3b2000 	C:\Windows\System32\d3d11.dll
0x00007ffcab1c0000 - 0x00007ffcab1f6000 	C:\Windows\System32\MFSENSORGROUP.dll
0x00007ffcb8fa0000 - 0x00007ffcb8faa000 	C:\Windows\SYSTEM32\AVRT.dll

dbghelp: loaded successfully - version: 4.0.5 - missing functions: none
symbol engine: initialized successfully - sym options: 0x614 - pdb path: .;C:\Users\Public\frc2019\jdk\bin;C:\Windows\SYSTEM32;C:\Windows\WinSxS\amd64_microsoft.windows.common-controls_6595b64144ccf1df_6.0.16299.1087_none_0f9074b65a6589b7;C:\Users\Public\frc2019\jdk\bin\server;C:\GitHub\2019RobotCode\2019RobotCode\build\tmp\jniExtractDir

VM Arguments:
jvm_args: -agentlib:jdwp=transport=dt_socket,server=n,suspend=y,address=localhost:56997 -Djava.library.path=C:\GitHub\2019RobotCode\2019RobotCode\build\tmp\jniExtractDir -Dfile.encoding=UTF-8 
java_command: robot.Main
java_class_path (initial): C:\GitHub\2019RobotCode\2019RobotCode\bin\main;C:\Users\Public\frc2019\maven\edu\wpi\first\wpilibj\wpilibj-java\2019.4.1\wpilibj-java-2019.4.1.jar;C:\Users\Public\frc2019\maven\edu\wpi\first\ntcore\ntcore-java\2019.4.1\ntcore-java-2019.4.1.jar;C:\Users\Public\frc2019\maven\edu\wpi\first\wpiutil\wpiutil-java\2019.4.1\wpiutil-java-2019.4.1.jar;C:\Users\Public\frc2019\maven\edu\wpi\first\thirdparty\frc2019\opencv\opencv-java\3.4.4-4\opencv-java-3.4.4-4.jar;C:\Users\Public\frc2019\maven\edu\wpi\first\cscore\cscore-java\2019.4.1\cscore-java-2019.4.1.jar;C:\Users\Public\frc2019\maven\edu\wpi\first\cameraserver\cameraserver-java\2019.4.1\cameraserver-java-2019.4.1.jar;C:\Users\Public\frc2019\maven\edu\wpi\first\hal\hal-java\2019.4.1\hal-java-2019.4.1.jar;C:\Users\Public\frc2019\maven\com\ctre\phoenix\api-java\5.14.1\api-java-5.14.1.jar;C:\Users\Public\frc2019\maven\com\ctre\phoenix\wpiapi-java\5.14.1\wpiapi-java-5.14.1.jar;C:\Users\All Work... No Play\.gradle\caches\modules-2\files-2.1\junit\junit\4.12\2973d150c0dc1fefe998f834810d68f278ea58ec\junit-4.12.jar;C:\Users\All Work... No Play\.gradle\caches\modules-2\files-2.1\org.hamcrest\hamcrest-core\1.3\42a25dc3219429f0e5d060061f71acb49bf010a0\hamcrest-core-1.3.jar
Launcher Type: SUN_STANDARD

[Global flags]
     intx CICompilerCount                          = 3                                         {product} {ergonomic}
     uint ConcGCThreads                            = 1                                         {product} {ergonomic}
     uint G1ConcRefinementThreads                  = 4                                         {product} {ergonomic}
   size_t G1HeapRegionSize                         = 1048576                                   {product} {ergonomic}
    uintx GCDrainStackTargetSize                   = 64                                        {product} {ergonomic}
   size_t InitialHeapSize                          = 132120576                                 {product} {ergonomic}
   size_t MarkStackSize                            = 4194304                                   {product} {ergonomic}
   size_t MaxHeapSize                              = 2113929216                                {product} {ergonomic}
   size_t MaxNewSize                               = 1267728384                                {product} {ergonomic}
   size_t MinHeapDeltaBytes                        = 1048576                                   {product} {ergonomic}
    uintx NonNMethodCodeHeapSize                   = 5830092                                {pd product} {ergonomic}
    uintx NonProfiledCodeHeapSize                  = 122914074                              {pd product} {ergonomic}
    uintx ProfiledCodeHeapSize                     = 122914074                              {pd product} {ergonomic}
    uintx ReservedCodeCacheSize                    = 251658240                              {pd product} {ergonomic}
     bool SegmentedCodeCache                       = true                                      {product} {ergonomic}
     bool UseCompressedClassPointers               = true                                 {lp64_product} {ergonomic}
     bool UseCompressedOops                        = true                                 {lp64_product} {ergonomic}
     bool UseG1GC                                  = true                                      {product} {ergonomic}
     bool UseLargePagesIndividualAllocation        = false                                  {pd product} {ergonomic}

Logging:
Log output configuration:
 #0: stdout all=warning uptime,level,tags
 #1: stderr all=off uptime,level,tags

Environment Variables:
JAVA_HOME=C:\Users\Public\frc2019\jdk
PATH=C:\GitHub\2019RobotCode\2019RobotCode\build\tmp\jniExtractDir
USERNAME=All Work... No Play
LD_LIBRARY_PATH=C:\GitHub\2019RobotCode\2019RobotCode\build\tmp\jniExtractDir
DYLD_LIBRARY_PATH=C:\GitHub\2019RobotCode\2019RobotCode\build\tmp\jniExtractDir
OS=Windows_NT
PROCESSOR_IDENTIFIER=Intel64 Family 6 Model 142 Stepping 9, GenuineIntel



---------------  S Y S T E M  ---------------

OS: Windows 10 , 64 bit Build 16299 (10.0.16299.1087)

CPU:total 4 (initial active 4) (2 cores per cpu, 2 threads per core) family 6 model 142 stepping 9, cmov, cx8, fxsr, mmx, sse, sse2, sse3, ssse3, sse4.1, sse4.2, popcnt, avx, avx2, aes, clmul, erms, 3dnowpref, lzcnt, ht, tsc, tscinvbit, bmi1, bmi2, adx, fma

Memory: 4k page, system-wide physical 8058M (2046M free)
TotalPageFile size 11514M (AvailPageFile size 2364M)
current process WorkingSet (physical memory assigned to process): 55M, peak: 55M
current process commit charge ("private bytes"): 207M, peak: 207M

vm_info: OpenJDK 64-Bit Server VM (11.0.1+13) for windows-amd64 JRE (11.0.1+13), built on Oct  6 2018 13:18:13 by "mach5one" with MS VC++ 15.5 (VS2017)

END.
